<?xml version="1.0" encoding="UTF-8"?>
<testsuite name="com.example.demo.DemoApplicationTests" tests="1" skipped="0" failures="0" errors="0" timestamp="2020-07-09T10:49:11" hostname="MinJaeui-MacBookPro.local" time="2.728">
  <properties/>
  <testcase name="runPipelineTest()" classname="com.example.demo.DemoApplicationTests" time="2.728"/>
  <system-out><![CDATA[19:49:06.358 [Test worker] DEBUG org.springframework.test.context.BootstrapUtils - Instantiating CacheAwareContextLoaderDelegate from class [org.springframework.test.context.cache.DefaultCacheAwareContextLoaderDelegate]
19:49:06.372 [Test worker] DEBUG org.springframework.test.context.BootstrapUtils - Instantiating BootstrapContext using constructor [public org.springframework.test.context.support.DefaultBootstrapContext(java.lang.Class,org.springframework.test.context.CacheAwareContextLoaderDelegate)]
19:49:06.400 [Test worker] DEBUG org.springframework.test.context.BootstrapUtils - Instantiating TestContextBootstrapper for test class [com.example.demo.DemoApplicationTests] from class [org.springframework.boot.test.context.SpringBootTestContextBootstrapper]
19:49:06.421 [Test worker] INFO org.springframework.boot.test.context.SpringBootTestContextBootstrapper - Neither @ContextConfiguration nor @ContextHierarchy found for test class [com.example.demo.DemoApplicationTests], using SpringBootContextLoader
19:49:06.424 [Test worker] DEBUG org.springframework.test.context.support.AbstractContextLoader - Did not detect default resource location for test class [com.example.demo.DemoApplicationTests]: class path resource [com/example/demo/DemoApplicationTests-context.xml] does not exist
19:49:06.425 [Test worker] DEBUG org.springframework.test.context.support.AbstractContextLoader - Did not detect default resource location for test class [com.example.demo.DemoApplicationTests]: class path resource [com/example/demo/DemoApplicationTestsContext.groovy] does not exist
19:49:06.425 [Test worker] INFO org.springframework.test.context.support.AbstractContextLoader - Could not detect default resource locations for test class [com.example.demo.DemoApplicationTests]: no resource found for suffixes {-context.xml, Context.groovy}.
19:49:06.426 [Test worker] INFO org.springframework.test.context.support.AnnotationConfigContextLoaderUtils - Could not detect default configuration classes for test class [com.example.demo.DemoApplicationTests]: DemoApplicationTests does not declare any static, non-private, non-final, nested classes annotated with @Configuration.
19:49:06.485 [Test worker] DEBUG org.springframework.test.context.support.ActiveProfilesUtils - Could not find an 'annotation declaring class' for annotation type [org.springframework.test.context.ActiveProfiles] and class [com.example.demo.DemoApplicationTests]
19:49:06.554 [Test worker] DEBUG org.springframework.context.annotation.ClassPathScanningCandidateComponentProvider - Identified candidate component class: file [/Users/minjaekam/Downloads/demo/build/classes/java/main/com/example/demo/DemoApplication.class]
19:49:06.555 [Test worker] INFO org.springframework.boot.test.context.SpringBootTestContextBootstrapper - Found @SpringBootConfiguration com.example.demo.DemoApplication for test class com.example.demo.DemoApplicationTests
19:49:06.693 [Test worker] DEBUG org.springframework.boot.test.context.SpringBootTestContextBootstrapper - @TestExecutionListeners is not present for class [com.example.demo.DemoApplicationTests]: using defaults.
19:49:06.693 [Test worker] INFO org.springframework.boot.test.context.SpringBootTestContextBootstrapper - Loaded default TestExecutionListener class names from location [META-INF/spring.factories]: [org.springframework.boot.test.autoconfigure.restdocs.RestDocsTestExecutionListener, org.springframework.boot.test.autoconfigure.web.client.MockRestServiceServerResetTestExecutionListener, org.springframework.boot.test.autoconfigure.web.servlet.MockMvcPrintOnlyOnFailureTestExecutionListener, org.springframework.boot.test.autoconfigure.web.servlet.WebDriverTestExecutionListener, org.springframework.boot.test.autoconfigure.webservices.client.MockWebServiceServerTestExecutionListener, org.springframework.boot.test.mock.mockito.MockitoTestExecutionListener, org.springframework.boot.test.mock.mockito.ResetMocksTestExecutionListener, org.springframework.test.context.web.ServletTestExecutionListener, org.springframework.test.context.support.DirtiesContextBeforeModesTestExecutionListener, org.springframework.test.context.support.DependencyInjectionTestExecutionListener, org.springframework.test.context.support.DirtiesContextTestExecutionListener, org.springframework.test.context.transaction.TransactionalTestExecutionListener, org.springframework.test.context.jdbc.SqlScriptsTestExecutionListener, org.springframework.test.context.event.EventPublishingTestExecutionListener]
19:49:06.712 [Test worker] INFO org.springframework.boot.test.context.SpringBootTestContextBootstrapper - Using TestExecutionListeners: [org.springframework.test.context.web.ServletTestExecutionListener@5707ab6e, org.springframework.test.context.support.DirtiesContextBeforeModesTestExecutionListener@2bf6f948, org.springframework.boot.test.mock.mockito.MockitoTestExecutionListener@7a6bf313, org.springframework.boot.test.autoconfigure.SpringBootDependencyInjectionTestExecutionListener@15da2756, org.springframework.test.context.support.DirtiesContextTestExecutionListener@7f6ca258, org.springframework.test.context.transaction.TransactionalTestExecutionListener@634c3844, org.springframework.test.context.jdbc.SqlScriptsTestExecutionListener@461abc55, org.springframework.test.context.event.EventPublishingTestExecutionListener@23ec357, org.springframework.boot.test.autoconfigure.restdocs.RestDocsTestExecutionListener@18dacf2a, org.springframework.boot.test.autoconfigure.web.client.MockRestServiceServerResetTestExecutionListener@1ad65a6d, org.springframework.boot.test.autoconfigure.web.servlet.MockMvcPrintOnlyOnFailureTestExecutionListener@9bda576, org.springframework.boot.test.autoconfigure.web.servlet.WebDriverTestExecutionListener@7dedfb6d, org.springframework.boot.test.autoconfigure.webservices.client.MockWebServiceServerTestExecutionListener@3380c865, org.springframework.boot.test.mock.mockito.ResetMocksTestExecutionListener@1bade94a]
19:49:06.715 [Test worker] DEBUG org.springframework.test.context.support.AbstractDirtiesContextTestExecutionListener - Before test class: context [DefaultTestContext@7623ae9b testClass = DemoApplicationTests, testInstance = [null], testMethod = [null], testException = [null], mergedContextConfiguration = [WebMergedContextConfiguration@8a744c4 testClass = DemoApplicationTests, locations = '{}', classes = '{class com.example.demo.DemoApplication}', contextInitializerClasses = '[]', activeProfiles = '{}', propertySourceLocations = '{}', propertySourceProperties = '{org.springframework.boot.test.context.SpringBootTestContextBootstrapper=true}', contextCustomizers = set[org.springframework.boot.test.autoconfigure.properties.PropertyMappingContextCustomizer@0, org.springframework.boot.test.autoconfigure.web.servlet.WebDriverContextCustomizerFactory$Customizer@2b7cccd4, org.springframework.boot.test.context.filter.ExcludeFilterContextCustomizer@299229f5, org.springframework.boot.test.json.DuplicateJsonObjectContextCustomizerFactory$DuplicateJsonObjectContextCustomizer@1d3895e7, org.springframework.boot.test.mock.mockito.MockitoContextCustomizer@0, org.springframework.boot.test.web.client.TestRestTemplateContextCustomizer@45530f16, org.springframework.boot.test.context.SpringBootTestArgs@1], resourceBasePath = 'src/main/webapp', contextLoader = 'org.springframework.boot.test.context.SpringBootContextLoader', parent = [null]], attributes = map['org.springframework.test.context.web.ServletTestExecutionListener.activateListener' -> true]], class annotated with @DirtiesContext [false] with mode [null].
19:49:06.752 [Test worker] DEBUG org.springframework.test.context.support.TestPropertySourceUtils - Adding inlined properties to environment: {spring.jmx.enabled=false, org.springframework.boot.test.context.SpringBootTestContextBootstrapper=true}

  .   ____          _            __ _ _
 /\\ / ___'_ __ _ _(_)_ __  __ _ \ \ \ \
( ( )\___ | '_ | '_| | '_ \/ _` | \ \ \ \
 \\/  ___)| |_)| | | | | || (_| |  ) ) ) )
  '  |____| .__|_| |_|_| |_\__, | / / / /
 =========|_|==============|___/=/_/_/_/
 :: Spring Boot ::        (v2.3.1.RELEASE)

2020-07-09 19:49:07.192  INFO 55352 --- [    Test worker] com.example.demo.DemoApplicationTests    : Starting DemoApplicationTests on MinJaeui-MacBookPro.local with PID 55352 (started by minjaekam in /Users/minjaekam/Downloads/demo)
2020-07-09 19:49:07.193  INFO 55352 --- [    Test worker] com.example.demo.DemoApplicationTests    : No active profile set, falling back to default profiles: default
2020-07-09 19:49:07.885  INFO 55352 --- [    Test worker] .s.d.r.c.RepositoryConfigurationDelegate : Multiple Spring Data modules found, entering strict repository configuration mode!
2020-07-09 19:49:07.888  INFO 55352 --- [    Test worker] .s.d.r.c.RepositoryConfigurationDelegate : Bootstrapping Spring Data JPA repositories in DEFERRED mode.
2020-07-09 19:49:07.962  INFO 55352 --- [    Test worker] .RepositoryConfigurationExtensionSupport : Spring Data JPA - Could not safely identify store assignment for repository candidate interface com.example.demo.repository.mongo.PipelineRepository. If you want this repository to be a JPA repository, consider annotating your entities with one of these annotations: javax.persistence.Entity, javax.persistence.MappedSuperclass (preferred), or consider extending one of the following types with your repository: org.springframework.data.jpa.repository.JpaRepository.
2020-07-09 19:49:07.999  INFO 55352 --- [    Test worker] .s.d.r.c.RepositoryConfigurationDelegate : Finished Spring Data repository scanning in 98ms. Found 6 JPA repository interfaces.
2020-07-09 19:49:08.031  INFO 55352 --- [    Test worker] .s.d.r.c.RepositoryConfigurationDelegate : Multiple Spring Data modules found, entering strict repository configuration mode!
2020-07-09 19:49:08.031  INFO 55352 --- [    Test worker] .s.d.r.c.RepositoryConfigurationDelegate : Bootstrapping Spring Data MongoDB repositories in DEFAULT mode.
2020-07-09 19:49:08.042  INFO 55352 --- [    Test worker] .RepositoryConfigurationExtensionSupport : Spring Data MongoDB - Could not safely identify store assignment for repository candidate interface com.example.demo.repository.mysql.FileRepository. If you want this repository to be a MongoDB repository, consider annotating your entities with one of these annotations: org.springframework.data.mongodb.core.mapping.Document (preferred), or consider extending one of the following types with your repository: org.springframework.data.mongodb.repository.MongoRepository.
2020-07-09 19:49:08.043  INFO 55352 --- [    Test worker] .RepositoryConfigurationExtensionSupport : Spring Data MongoDB - Could not safely identify store assignment for repository candidate interface com.example.demo.repository.mysql.JobEnvRepository. If you want this repository to be a MongoDB repository, consider annotating your entities with one of these annotations: org.springframework.data.mongodb.core.mapping.Document (preferred), or consider extending one of the following types with your repository: org.springframework.data.mongodb.repository.MongoRepository.
2020-07-09 19:49:08.044  INFO 55352 --- [    Test worker] .RepositoryConfigurationExtensionSupport : Spring Data MongoDB - Could not safely identify store assignment for repository candidate interface com.example.demo.repository.mysql.JobFileRepository. If you want this repository to be a MongoDB repository, consider annotating your entities with one of these annotations: org.springframework.data.mongodb.core.mapping.Document (preferred), or consider extending one of the following types with your repository: org.springframework.data.mongodb.repository.MongoRepository.
2020-07-09 19:49:08.045  INFO 55352 --- [    Test worker] .RepositoryConfigurationExtensionSupport : Spring Data MongoDB - Could not safely identify store assignment for repository candidate interface com.example.demo.repository.mysql.JobRepository. If you want this repository to be a MongoDB repository, consider annotating your entities with one of these annotations: org.springframework.data.mongodb.core.mapping.Document (preferred), or consider extending one of the following types with your repository: org.springframework.data.mongodb.repository.MongoRepository.
2020-07-09 19:49:08.046  INFO 55352 --- [    Test worker] .RepositoryConfigurationExtensionSupport : Spring Data MongoDB - Could not safely identify store assignment for repository candidate interface com.example.demo.repository.mysql.RunRepository. If you want this repository to be a MongoDB repository, consider annotating your entities with one of these annotations: org.springframework.data.mongodb.core.mapping.Document (preferred), or consider extending one of the following types with your repository: org.springframework.data.mongodb.repository.MongoRepository.
2020-07-09 19:49:08.047  INFO 55352 --- [    Test worker] .RepositoryConfigurationExtensionSupport : Spring Data MongoDB - Could not safely identify store assignment for repository candidate interface com.example.demo.repository.mysql.TaskRepository. If you want this repository to be a MongoDB repository, consider annotating your entities with one of these annotations: org.springframework.data.mongodb.core.mapping.Document (preferred), or consider extending one of the following types with your repository: org.springframework.data.mongodb.repository.MongoRepository.
2020-07-09 19:49:08.052  INFO 55352 --- [    Test worker] .s.d.r.c.RepositoryConfigurationDelegate : Finished Spring Data repository scanning in 20ms. Found 1 MongoDB repository interfaces.
2020-07-09 19:49:08.891  INFO 55352 --- [    Test worker] o.s.s.concurrent.ThreadPoolTaskExecutor  : Initializing ExecutorService 'applicationTaskExecutor'
2020-07-09 19:49:08.971  INFO 55352 --- [         task-1] o.hibernate.jpa.internal.util.LogHelper  : HHH000204: Processing PersistenceUnitInfo [name: default]
2020-07-09 19:49:09.055  INFO 55352 --- [         task-1] org.hibernate.Version                    : HHH000412: Hibernate ORM core version 5.4.17.Final
2020-07-09 19:49:09.140  INFO 55352 --- [    Test worker] org.mongodb.driver.cluster               : Cluster created with settings {hosts=[127.0.0.1:27017], mode=SINGLE, requiredClusterType=UNKNOWN, serverSelectionTimeout='30000 ms'}
2020-07-09 19:49:09.238  INFO 55352 --- [127.0.0.1:27017] org.mongodb.driver.connection            : Opened connection [connectionId{localValue:1, serverValue:47}] to 127.0.0.1:27017
2020-07-09 19:49:09.248  INFO 55352 --- [127.0.0.1:27017] org.mongodb.driver.cluster               : Monitor thread successfully connected to server with description ServerDescription{address=127.0.0.1:27017, type=STANDALONE, state=CONNECTED, ok=true, minWireVersion=0, maxWireVersion=8, maxDocumentSize=16777216, logicalSessionTimeoutMinutes=30, roundTripTimeNanos=6831597}
2020-07-09 19:49:09.302  INFO 55352 --- [         task-1] o.hibernate.annotations.common.Version   : HCANN000001: Hibernate Commons Annotations {5.1.0.Final}
2020-07-09 19:49:09.314  WARN 55352 --- [    Test worker] o.s.data.convert.CustomConversions       : Registering converter from class java.time.LocalDateTime to class org.joda.time.LocalDateTime as reading converter although it doesn't convert from a store-supported type! You might want to check your annotation setup at the converter implementation.
2020-07-09 19:49:09.401  WARN 55352 --- [    Test worker] o.s.data.convert.CustomConversions       : Registering converter from class java.time.LocalDateTime to class org.joda.time.LocalDateTime as reading converter although it doesn't convert from a store-supported type! You might want to check your annotation setup at the converter implementation.
2020-07-09 19:49:09.444  INFO 55352 --- [         task-1] com.zaxxer.hikari.HikariDataSource       : HikariPool-1 - Starting...
2020-07-09 19:49:09.782  WARN 55352 --- [    Test worker] JpaBaseConfiguration$JpaWebConfiguration : spring.jpa.open-in-view is enabled by default. Therefore, database queries may be performed during view rendering. Explicitly configure spring.jpa.open-in-view to disable this warning
2020-07-09 19:49:09.920  INFO 55352 --- [         task-1] com.zaxxer.hikari.HikariDataSource       : HikariPool-1 - Start completed.
2020-07-09 19:49:09.952  INFO 55352 --- [         task-1] org.hibernate.dialect.Dialect            : HHH000400: Using dialect: org.hibernate.dialect.MySQL8Dialect
2020-07-09 19:49:10.650  INFO 55352 --- [    Test worker] DeferredRepositoryInitializationListener : Triggering deferred initialization of Spring Data repositories…
Hibernate: alter table job drop foreign key FK254nno87adyfj7u782rofifjp
2020-07-09 19:49:11.022  INFO 55352 --- [         task-1] p6spy                                    : #1594291751022 | took 16ms | statement | connection 1| url jdbc:mysql://127.0.0.1:3306/test?serverTimezone=UTC
alter table job drop foreign key FK254nno87adyfj7u782rofifjp
alter table job drop foreign key FK254nno87adyfj7u782rofifjp;
Hibernate: alter table job_env drop foreign key FKgrm1bdqxx0t4dhamw137o3eq0
2020-07-09 19:49:11.030  INFO 55352 --- [         task-1] p6spy                                    : #1594291751030 | took 6ms | statement | connection 1| url jdbc:mysql://127.0.0.1:3306/test?serverTimezone=UTC
alter table job_env drop foreign key FKgrm1bdqxx0t4dhamw137o3eq0
alter table job_env drop foreign key FKgrm1bdqxx0t4dhamw137o3eq0;
Hibernate: alter table job_file drop foreign key FK8knl4ogeiq0q72tlsjmegyp8b
2020-07-09 19:49:11.038  INFO 55352 --- [         task-1] p6spy                                    : #1594291751038 | took 6ms | statement | connection 1| url jdbc:mysql://127.0.0.1:3306/test?serverTimezone=UTC
alter table job_file drop foreign key FK8knl4ogeiq0q72tlsjmegyp8b
alter table job_file drop foreign key FK8knl4ogeiq0q72tlsjmegyp8b;
Hibernate: alter table job_file drop foreign key FK3akbfvw7xwgfotqtch0lfsgq0
2020-07-09 19:49:11.047  INFO 55352 --- [         task-1] p6spy                                    : #1594291751047 | took 7ms | statement | connection 1| url jdbc:mysql://127.0.0.1:3306/test?serverTimezone=UTC
alter table job_file drop foreign key FK3akbfvw7xwgfotqtch0lfsgq0
alter table job_file drop foreign key FK3akbfvw7xwgfotqtch0lfsgq0;
Hibernate: alter table run drop foreign key FKg9pq5w6yp29s73hcbcqetj2bj
2020-07-09 19:49:11.055  INFO 55352 --- [         task-1] p6spy                                    : #1594291751055 | took 6ms | statement | connection 1| url jdbc:mysql://127.0.0.1:3306/test?serverTimezone=UTC
alter table run drop foreign key FKg9pq5w6yp29s73hcbcqetj2bj
alter table run drop foreign key FKg9pq5w6yp29s73hcbcqetj2bj;
Hibernate: drop table if exists file
2020-07-09 19:49:11.065  INFO 55352 --- [         task-1] p6spy                                    : #1594291751065 | took 8ms | statement | connection 1| url jdbc:mysql://127.0.0.1:3306/test?serverTimezone=UTC
drop table if exists file
drop table if exists file;
Hibernate: drop table if exists hibernate_sequence
2020-07-09 19:49:11.071  INFO 55352 --- [         task-1] p6spy                                    : #1594291751071 | took 4ms | statement | connection 1| url jdbc:mysql://127.0.0.1:3306/test?serverTimezone=UTC
drop table if exists hibernate_sequence
drop table if exists hibernate_sequence;
Hibernate: drop table if exists job
2020-07-09 19:49:11.078  INFO 55352 --- [         task-1] p6spy                                    : #1594291751078 | took 5ms | statement | connection 1| url jdbc:mysql://127.0.0.1:3306/test?serverTimezone=UTC
drop table if exists job
drop table if exists job;
Hibernate: drop table if exists job_env
2020-07-09 19:49:11.083  INFO 55352 --- [         task-1] p6spy                                    : #1594291751083 | took 4ms | statement | connection 1| url jdbc:mysql://127.0.0.1:3306/test?serverTimezone=UTC
drop table if exists job_env
drop table if exists job_env;
Hibernate: drop table if exists job_file
2020-07-09 19:49:11.089  INFO 55352 --- [         task-1] p6spy                                    : #1594291751089 | took 5ms | statement | connection 1| url jdbc:mysql://127.0.0.1:3306/test?serverTimezone=UTC
drop table if exists job_file
drop table if exists job_file;
Hibernate: drop table if exists run
2020-07-09 19:49:11.094  INFO 55352 --- [         task-1] p6spy                                    : #1594291751094 | took 4ms | statement | connection 1| url jdbc:mysql://127.0.0.1:3306/test?serverTimezone=UTC
drop table if exists run
drop table if exists run;
Hibernate: drop table if exists task
2020-07-09 19:49:11.100  INFO 55352 --- [         task-1] p6spy                                    : #1594291751100 | took 4ms | statement | connection 1| url jdbc:mysql://127.0.0.1:3306/test?serverTimezone=UTC
drop table if exists task
drop table if exists task;
Hibernate: create table file (file_id bigint not null, name varchar(255), sample_id varchar(255), size bigint, primary key (file_id)) engine=InnoDB
2020-07-09 19:49:11.112  INFO 55352 --- [         task-1] p6spy                                    : #1594291751112 | took 8ms | statement | connection 2| url jdbc:mysql://127.0.0.1:3306/test?serverTimezone=UTC
create table file (file_id bigint not null, name varchar(255), sample_id varchar(255), size bigint, primary key (file_id)) engine=InnoDB
create table file (file_id bigint not null, name varchar(255), sample_id varchar(255), size bigint, primary key (file_id)) engine=InnoDB;
Hibernate: create table hibernate_sequence (next_val bigint) engine=InnoDB
2020-07-09 19:49:11.120  INFO 55352 --- [         task-1] p6spy                                    : #1594291751120 | took 6ms | statement | connection 2| url jdbc:mysql://127.0.0.1:3306/test?serverTimezone=UTC
create table hibernate_sequence (next_val bigint) engine=InnoDB
create table hibernate_sequence (next_val bigint) engine=InnoDB;
Hibernate: insert into hibernate_sequence values ( 1 )
2020-07-09 19:49:11.122  INFO 55352 --- [         task-1] p6spy                                    : #1594291751122 | took 1ms | statement | connection 2| url jdbc:mysql://127.0.0.1:3306/test?serverTimezone=UTC
insert into hibernate_sequence values ( 1 )
insert into hibernate_sequence values ( 1 );
Hibernate: insert into hibernate_sequence values ( 1 )
2020-07-09 19:49:11.124  INFO 55352 --- [         task-1] p6spy                                    : #1594291751124 | took 1ms | statement | connection 2| url jdbc:mysql://127.0.0.1:3306/test?serverTimezone=UTC
insert into hibernate_sequence values ( 1 )
insert into hibernate_sequence values ( 1 );
Hibernate: insert into hibernate_sequence values ( 1 )
2020-07-09 19:49:11.125  INFO 55352 --- [         task-1] p6spy                                    : #1594291751125 | took 1ms | statement | connection 2| url jdbc:mysql://127.0.0.1:3306/test?serverTimezone=UTC
insert into hibernate_sequence values ( 1 )
insert into hibernate_sequence values ( 1 );
Hibernate: insert into hibernate_sequence values ( 1 )
2020-07-09 19:49:11.127  INFO 55352 --- [         task-1] p6spy                                    : #1594291751127 | took 1ms | statement | connection 2| url jdbc:mysql://127.0.0.1:3306/test?serverTimezone=UTC
insert into hibernate_sequence values ( 1 )
insert into hibernate_sequence values ( 1 );
Hibernate: insert into hibernate_sequence values ( 1 )
2020-07-09 19:49:11.129  INFO 55352 --- [         task-1] p6spy                                    : #1594291751129 | took 1ms | statement | connection 2| url jdbc:mysql://127.0.0.1:3306/test?serverTimezone=UTC
insert into hibernate_sequence values ( 1 )
insert into hibernate_sequence values ( 1 );
Hibernate: insert into hibernate_sequence values ( 1 )
2020-07-09 19:49:11.131  INFO 55352 --- [         task-1] p6spy                                    : #1594291751131 | took 1ms | statement | connection 2| url jdbc:mysql://127.0.0.1:3306/test?serverTimezone=UTC
insert into hibernate_sequence values ( 1 )
insert into hibernate_sequence values ( 1 );
Hibernate: create table job (job_id bigint not null, finish_time datetime(6), name varchar(255), start_time datetime(6), task_id bigint, primary key (job_id)) engine=InnoDB
2020-07-09 19:49:11.137  INFO 55352 --- [         task-1] p6spy                                    : #1594291751137 | took 5ms | statement | connection 2| url jdbc:mysql://127.0.0.1:3306/test?serverTimezone=UTC
create table job (job_id bigint not null, finish_time datetime(6), name varchar(255), start_time datetime(6), task_id bigint, primary key (job_id)) engine=InnoDB
create table job (job_id bigint not null, finish_time datetime(6), name varchar(255), start_time datetime(6), task_id bigint, primary key (job_id)) engine=InnoDB;
Hibernate: create table job_env (id bigint not null, env_key varchar(255), env_val varchar(255), job_id bigint, primary key (id)) engine=InnoDB
2020-07-09 19:49:11.144  INFO 55352 --- [         task-1] p6spy                                    : #1594291751144 | took 5ms | statement | connection 2| url jdbc:mysql://127.0.0.1:3306/test?serverTimezone=UTC
create table job_env (id bigint not null, env_key varchar(255), env_val varchar(255), job_id bigint, primary key (id)) engine=InnoDB
create table job_env (id bigint not null, env_key varchar(255), env_val varchar(255), job_id bigint, primary key (id)) engine=InnoDB;
Hibernate: create table job_file (id bigint not null, io_type varchar(255), target_id varchar(255), file_id bigint, job_id bigint, primary key (id)) engine=InnoDB
2020-07-09 19:49:11.150  INFO 55352 --- [         task-1] p6spy                                    : #1594291751150 | took 5ms | statement | connection 2| url jdbc:mysql://127.0.0.1:3306/test?serverTimezone=UTC
create table job_file (id bigint not null, io_type varchar(255), target_id varchar(255), file_id bigint, job_id bigint, primary key (id)) engine=InnoDB
create table job_file (id bigint not null, io_type varchar(255), target_id varchar(255), file_id bigint, job_id bigint, primary key (id)) engine=InnoDB;
Hibernate: create table run (run_id bigint not null, finish_time datetime(6), start_time datetime(6), status varchar(255), step_id varchar(255), job_id bigint, primary key (run_id)) engine=InnoDB
2020-07-09 19:49:11.157  INFO 55352 --- [         task-1] p6spy                                    : #1594291751157 | took 5ms | statement | connection 2| url jdbc:mysql://127.0.0.1:3306/test?serverTimezone=UTC
create table run (run_id bigint not null, finish_time datetime(6), start_time datetime(6), status varchar(255), step_id varchar(255), job_id bigint, primary key (run_id)) engine=InnoDB
create table run (run_id bigint not null, finish_time datetime(6), start_time datetime(6), status varchar(255), step_id varchar(255), job_id bigint, primary key (run_id)) engine=InnoDB;
Hibernate: create table task (task_id bigint not null, finish_time datetime(6), name varchar(255), pipeline_id varchar(255), start_time datetime(6), primary key (task_id)) engine=InnoDB
2020-07-09 19:49:11.163  INFO 55352 --- [         task-1] p6spy                                    : #1594291751163 | took 5ms | statement | connection 2| url jdbc:mysql://127.0.0.1:3306/test?serverTimezone=UTC
create table task (task_id bigint not null, finish_time datetime(6), name varchar(255), pipeline_id varchar(255), start_time datetime(6), primary key (task_id)) engine=InnoDB
create table task (task_id bigint not null, finish_time datetime(6), name varchar(255), pipeline_id varchar(255), start_time datetime(6), primary key (task_id)) engine=InnoDB;
Hibernate: alter table job add constraint FK254nno87adyfj7u782rofifjp foreign key (task_id) references task (task_id)
2020-07-09 19:49:11.179  INFO 55352 --- [         task-1] p6spy                                    : #1594291751179 | took 14ms | statement | connection 2| url jdbc:mysql://127.0.0.1:3306/test?serverTimezone=UTC
alter table job add constraint FK254nno87adyfj7u782rofifjp foreign key (task_id) references task (task_id)
alter table job add constraint FK254nno87adyfj7u782rofifjp foreign key (task_id) references task (task_id);
Hibernate: alter table job_env add constraint FKgrm1bdqxx0t4dhamw137o3eq0 foreign key (job_id) references job (job_id)
2020-07-09 19:49:11.198  INFO 55352 --- [         task-1] p6spy                                    : #1594291751198 | took 18ms | statement | connection 2| url jdbc:mysql://127.0.0.1:3306/test?serverTimezone=UTC
alter table job_env add constraint FKgrm1bdqxx0t4dhamw137o3eq0 foreign key (job_id) references job (job_id)
alter table job_env add constraint FKgrm1bdqxx0t4dhamw137o3eq0 foreign key (job_id) references job (job_id);
Hibernate: alter table job_file add constraint FK8knl4ogeiq0q72tlsjmegyp8b foreign key (file_id) references file (file_id)
2020-07-09 19:49:11.216  INFO 55352 --- [         task-1] p6spy                                    : #1594291751216 | took 17ms | statement | connection 2| url jdbc:mysql://127.0.0.1:3306/test?serverTimezone=UTC
alter table job_file add constraint FK8knl4ogeiq0q72tlsjmegyp8b foreign key (file_id) references file (file_id)
alter table job_file add constraint FK8knl4ogeiq0q72tlsjmegyp8b foreign key (file_id) references file (file_id);
Hibernate: alter table job_file add constraint FK3akbfvw7xwgfotqtch0lfsgq0 foreign key (job_id) references job (job_id)
2020-07-09 19:49:11.234  INFO 55352 --- [         task-1] p6spy                                    : #1594291751234 | took 16ms | statement | connection 2| url jdbc:mysql://127.0.0.1:3306/test?serverTimezone=UTC
alter table job_file add constraint FK3akbfvw7xwgfotqtch0lfsgq0 foreign key (job_id) references job (job_id)
alter table job_file add constraint FK3akbfvw7xwgfotqtch0lfsgq0 foreign key (job_id) references job (job_id);
Hibernate: alter table run add constraint FKg9pq5w6yp29s73hcbcqetj2bj foreign key (job_id) references job (job_id)
2020-07-09 19:49:11.250  INFO 55352 --- [         task-1] p6spy                                    : #1594291751250 | took 15ms | statement | connection 2| url jdbc:mysql://127.0.0.1:3306/test?serverTimezone=UTC
alter table run add constraint FKg9pq5w6yp29s73hcbcqetj2bj foreign key (job_id) references job (job_id)
alter table run add constraint FKg9pq5w6yp29s73hcbcqetj2bj foreign key (job_id) references job (job_id);
2020-07-09 19:49:11.252  INFO 55352 --- [         task-1] o.h.e.t.j.p.i.JtaPlatformInitiator       : HHH000490: Using JtaPlatform implementation: [org.hibernate.engine.transaction.jta.platform.internal.NoJtaPlatform]
2020-07-09 19:49:11.260  INFO 55352 --- [         task-1] j.LocalContainerEntityManagerFactoryBean : Initialized JPA EntityManagerFactory for persistence unit 'default'
2020-07-09 19:49:11.616  INFO 55352 --- [    Test worker] DeferredRepositoryInitializationListener : Spring Data repositories initialized!
2020-07-09 19:49:11.627  INFO 55352 --- [    Test worker] com.example.demo.DemoApplicationTests    : Started DemoApplicationTests in 4.86 seconds (JVM running for 6.059)
Hibernate: select next_val as id_val from hibernate_sequence for update
2020-07-09 19:49:11.837  INFO 55352 --- [    Test worker] p6spy                                    : #1594291751837 | took 4ms | statement | connection 4| url jdbc:mysql://127.0.0.1:3306/test?serverTimezone=UTC
select next_val as id_val from hibernate_sequence for update
select next_val as id_val from hibernate_sequence for update;
Hibernate: update hibernate_sequence set next_val= ? where next_val=?
2020-07-09 19:49:11.840  INFO 55352 --- [    Test worker] p6spy                                    : #1594291751840 | took 1ms | statement | connection 4| url jdbc:mysql://127.0.0.1:3306/test?serverTimezone=UTC
update hibernate_sequence set next_val= ? where next_val=?
update hibernate_sequence set next_val= 2 where next_val=1;
2020-07-09 19:49:11.841  INFO 55352 --- [    Test worker] p6spy                                    : #1594291751841 | took 0ms | commit | connection 4| url jdbc:mysql://127.0.0.1:3306/test?serverTimezone=UTC

;
Hibernate: insert into file (name, sample_id, size, file_id) values (?, ?, ?, ?)
2020-07-09 19:49:11.873  INFO 55352 --- [    Test worker] p6spy                                    : #1594291751873 | took 0ms | statement | connection 3| url jdbc:mysql://127.0.0.1:3306/test?serverTimezone=UTC
insert into file (name, sample_id, size, file_id) values (?, ?, ?, ?)
insert into file (name, sample_id, size, file_id) values ('hg38.fasta.tar', NULL, 100000, 1);
2020-07-09 19:49:11.876  INFO 55352 --- [    Test worker] p6spy                                    : #1594291751876 | took 0ms | commit | connection 3| url jdbc:mysql://127.0.0.1:3306/test?serverTimezone=UTC

;
Hibernate: select next_val as id_val from hibernate_sequence for update
2020-07-09 19:49:11.879  INFO 55352 --- [    Test worker] p6spy                                    : #1594291751879 | took 0ms | statement | connection 6| url jdbc:mysql://127.0.0.1:3306/test?serverTimezone=UTC
select next_val as id_val from hibernate_sequence for update
select next_val as id_val from hibernate_sequence for update;
Hibernate: update hibernate_sequence set next_val= ? where next_val=?
2020-07-09 19:49:11.880  INFO 55352 --- [    Test worker] p6spy                                    : #1594291751880 | took 0ms | statement | connection 6| url jdbc:mysql://127.0.0.1:3306/test?serverTimezone=UTC
update hibernate_sequence set next_val= ? where next_val=?
update hibernate_sequence set next_val= 3 where next_val=2;
2020-07-09 19:49:11.881  INFO 55352 --- [    Test worker] p6spy                                    : #1594291751881 | took 0ms | commit | connection 6| url jdbc:mysql://127.0.0.1:3306/test?serverTimezone=UTC

;
Hibernate: insert into file (name, sample_id, size, file_id) values (?, ?, ?, ?)
2020-07-09 19:49:11.883  INFO 55352 --- [    Test worker] p6spy                                    : #1594291751883 | took 0ms | statement | connection 5| url jdbc:mysql://127.0.0.1:3306/test?serverTimezone=UTC
insert into file (name, sample_id, size, file_id) values (?, ?, ?, ?)
insert into file (name, sample_id, size, file_id) values ('TESTX_H7YRLADXX_S1_L001_R1_001.fastq.gz', 'TESTX_H7YRLADXX_S1_L001', 1000, 2);
2020-07-09 19:49:11.884  INFO 55352 --- [    Test worker] p6spy                                    : #1594291751884 | took 0ms | commit | connection 5| url jdbc:mysql://127.0.0.1:3306/test?serverTimezone=UTC

;
Hibernate: select next_val as id_val from hibernate_sequence for update
2020-07-09 19:49:11.888  INFO 55352 --- [    Test worker] p6spy                                    : #1594291751888 | took 1ms | statement | connection 8| url jdbc:mysql://127.0.0.1:3306/test?serverTimezone=UTC
select next_val as id_val from hibernate_sequence for update
select next_val as id_val from hibernate_sequence for update;
Hibernate: update hibernate_sequence set next_val= ? where next_val=?
2020-07-09 19:49:11.892  INFO 55352 --- [    Test worker] p6spy                                    : #1594291751892 | took 1ms | statement | connection 8| url jdbc:mysql://127.0.0.1:3306/test?serverTimezone=UTC
update hibernate_sequence set next_val= ? where next_val=?
update hibernate_sequence set next_val= 4 where next_val=3;
2020-07-09 19:49:11.893  INFO 55352 --- [    Test worker] p6spy                                    : #1594291751893 | took 0ms | commit | connection 8| url jdbc:mysql://127.0.0.1:3306/test?serverTimezone=UTC

;
Hibernate: insert into file (name, sample_id, size, file_id) values (?, ?, ?, ?)
2020-07-09 19:49:11.895  INFO 55352 --- [    Test worker] p6spy                                    : #1594291751895 | took 0ms | statement | connection 7| url jdbc:mysql://127.0.0.1:3306/test?serverTimezone=UTC
insert into file (name, sample_id, size, file_id) values (?, ?, ?, ?)
insert into file (name, sample_id, size, file_id) values ('TESTX_H7YRLADXX_S1_L001_R2_001.fastq.gz', 'TESTX_H7YRLADXX_S1_L001', 1000, 3);
2020-07-09 19:49:11.897  INFO 55352 --- [    Test worker] p6spy                                    : #1594291751897 | took 1ms | commit | connection 7| url jdbc:mysql://127.0.0.1:3306/test?serverTimezone=UTC

;
Hibernate: select next_val as id_val from hibernate_sequence for update
2020-07-09 19:49:11.903  INFO 55352 --- [    Test worker] p6spy                                    : #1594291751903 | took 0ms | statement | connection 10| url jdbc:mysql://127.0.0.1:3306/test?serverTimezone=UTC
select next_val as id_val from hibernate_sequence for update
select next_val as id_val from hibernate_sequence for update;
Hibernate: update hibernate_sequence set next_val= ? where next_val=?
2020-07-09 19:49:11.904  INFO 55352 --- [    Test worker] p6spy                                    : #1594291751904 | took 0ms | statement | connection 10| url jdbc:mysql://127.0.0.1:3306/test?serverTimezone=UTC
update hibernate_sequence set next_val= ? where next_val=?
update hibernate_sequence set next_val= 5 where next_val=4;
2020-07-09 19:49:11.906  INFO 55352 --- [    Test worker] p6spy                                    : #1594291751906 | took 1ms | commit | connection 10| url jdbc:mysql://127.0.0.1:3306/test?serverTimezone=UTC

;
Hibernate: insert into file (name, sample_id, size, file_id) values (?, ?, ?, ?)
2020-07-09 19:49:11.909  INFO 55352 --- [    Test worker] p6spy                                    : #1594291751909 | took 0ms | statement | connection 9| url jdbc:mysql://127.0.0.1:3306/test?serverTimezone=UTC
insert into file (name, sample_id, size, file_id) values (?, ?, ?, ?)
insert into file (name, sample_id, size, file_id) values ('TESTX_H7YRLADXX_S1_L002_R1_001.fastq.gz', 'TESTX_H7YRLADXX_S1_L002', 1000, 4);
2020-07-09 19:49:11.910  INFO 55352 --- [    Test worker] p6spy                                    : #1594291751910 | took 0ms | commit | connection 9| url jdbc:mysql://127.0.0.1:3306/test?serverTimezone=UTC

;
Hibernate: select next_val as id_val from hibernate_sequence for update
2020-07-09 19:49:11.914  INFO 55352 --- [    Test worker] p6spy                                    : #1594291751914 | took 0ms | statement | connection 12| url jdbc:mysql://127.0.0.1:3306/test?serverTimezone=UTC
select next_val as id_val from hibernate_sequence for update
select next_val as id_val from hibernate_sequence for update;
Hibernate: update hibernate_sequence set next_val= ? where next_val=?
2020-07-09 19:49:11.915  INFO 55352 --- [    Test worker] p6spy                                    : #1594291751915 | took 0ms | statement | connection 12| url jdbc:mysql://127.0.0.1:3306/test?serverTimezone=UTC
update hibernate_sequence set next_val= ? where next_val=?
update hibernate_sequence set next_val= 6 where next_val=5;
2020-07-09 19:49:11.916  INFO 55352 --- [    Test worker] p6spy                                    : #1594291751916 | took 0ms | commit | connection 12| url jdbc:mysql://127.0.0.1:3306/test?serverTimezone=UTC

;
Hibernate: insert into file (name, sample_id, size, file_id) values (?, ?, ?, ?)
2020-07-09 19:49:11.918  INFO 55352 --- [    Test worker] p6spy                                    : #1594291751918 | took 0ms | statement | connection 11| url jdbc:mysql://127.0.0.1:3306/test?serverTimezone=UTC
insert into file (name, sample_id, size, file_id) values (?, ?, ?, ?)
insert into file (name, sample_id, size, file_id) values ('TESTX_H7YRLADXX_S1_L002_R2_001.fastq.gz', 'TESTX_H7YRLADXX_S1_L002', 1000, 5);
2020-07-09 19:49:11.922  INFO 55352 --- [    Test worker] p6spy                                    : #1594291751922 | took 3ms | commit | connection 11| url jdbc:mysql://127.0.0.1:3306/test?serverTimezone=UTC

;
RunPipelineRequest(pipelineId=5f05d5c2c84cc4062b83a1de, data=[com.example.demo.dto.request.InsertFileInfo@5a62d6ca, com.example.demo.dto.request.InsertFileInfo@59b8c2c4, com.example.demo.dto.request.InsertFileInfo@29b0a7b0])
2020-07-09 19:49:11.981  INFO 55352 --- [    Test worker] org.mongodb.driver.connection            : Opened connection [connectionId{localValue:2, serverValue:48}] to 127.0.0.1:27017
Hibernate: select next_val as id_val from hibernate_sequence for update
2020-07-09 19:49:12.072  INFO 55352 --- [    Test worker] p6spy                                    : #1594291752072 | took 0ms | statement | connection 14| url jdbc:mysql://127.0.0.1:3306/test?serverTimezone=UTC
select next_val as id_val from hibernate_sequence for update
select next_val as id_val from hibernate_sequence for update;
Hibernate: update hibernate_sequence set next_val= ? where next_val=?
2020-07-09 19:49:12.073  INFO 55352 --- [    Test worker] p6spy                                    : #1594291752073 | took 0ms | statement | connection 14| url jdbc:mysql://127.0.0.1:3306/test?serverTimezone=UTC
update hibernate_sequence set next_val= ? where next_val=?
update hibernate_sequence set next_val= 7 where next_val=6;
2020-07-09 19:49:12.075  INFO 55352 --- [    Test worker] p6spy                                    : #1594291752075 | took 1ms | commit | connection 14| url jdbc:mysql://127.0.0.1:3306/test?serverTimezone=UTC

;
Hibernate: insert into task (finish_time, name, pipeline_id, start_time, task_id) values (?, ?, ?, ?, ?)
2020-07-09 19:49:12.087  INFO 55352 --- [    Test worker] p6spy                                    : #1594291752087 | took 3ms | statement | connection 13| url jdbc:mysql://127.0.0.1:3306/test?serverTimezone=UTC
insert into task (finish_time, name, pipeline_id, start_time, task_id) values (?, ?, ?, ?, ?)
insert into task (finish_time, name, pipeline_id, start_time, task_id) values (NULL, 'GATK4 WES PIPELINE2020-07-09T19:49:12.067', '5f05d5c2c84cc4062b83a1de', '2020-07-09T19:49:12.067+0900', 6);
2020-07-09 19:49:12.089  INFO 55352 --- [    Test worker] p6spy                                    : #1594291752089 | took 1ms | commit | connection 13| url jdbc:mysql://127.0.0.1:3306/test?serverTimezone=UTC

;
Hibernate: select file0_.file_id as file_id1_0_, file0_.name as name2_0_, file0_.sample_id as sample_i3_0_, file0_.size as size4_0_ from file file0_ where file0_.file_id in (?)
2020-07-09 19:49:12.321  INFO 55352 --- [    Test worker] p6spy                                    : #1594291752321 | took 1ms | statement | connection 15| url jdbc:mysql://127.0.0.1:3306/test?serverTimezone=UTC
select file0_.file_id as file_id1_0_, file0_.name as name2_0_, file0_.sample_id as sample_i3_0_, file0_.size as size4_0_ from file file0_ where file0_.file_id in (?)
select file0_.file_id as file_id1_0_, file0_.name as name2_0_, file0_.sample_id as sample_i3_0_, file0_.size as size4_0_ from file file0_ where file0_.file_id in (1);
1
Hibernate: select file0_.file_id as file_id1_0_, file0_.name as name2_0_, file0_.sample_id as sample_i3_0_, file0_.size as size4_0_ from file file0_ where file0_.file_id in (? , ?)
2020-07-09 19:49:12.333  INFO 55352 --- [    Test worker] p6spy                                    : #1594291752333 | took 0ms | statement | connection 16| url jdbc:mysql://127.0.0.1:3306/test?serverTimezone=UTC
select file0_.file_id as file_id1_0_, file0_.name as name2_0_, file0_.sample_id as sample_i3_0_, file0_.size as size4_0_ from file file0_ where file0_.file_id in (? , ?)
select file0_.file_id as file_id1_0_, file0_.name as name2_0_, file0_.sample_id as sample_i3_0_, file0_.size as size4_0_ from file file0_ where file0_.file_id in (2 , 4);
2
Hibernate: select file0_.file_id as file_id1_0_, file0_.name as name2_0_, file0_.sample_id as sample_i3_0_, file0_.size as size4_0_ from file file0_ where file0_.file_id in (? , ?)
2020-07-09 19:49:12.335  INFO 55352 --- [    Test worker] p6spy                                    : #1594291752335 | took 0ms | statement | connection 17| url jdbc:mysql://127.0.0.1:3306/test?serverTimezone=UTC
select file0_.file_id as file_id1_0_, file0_.name as name2_0_, file0_.sample_id as sample_i3_0_, file0_.size as size4_0_ from file file0_ where file0_.file_id in (? , ?)
select file0_.file_id as file_id1_0_, file0_.name as name2_0_, file0_.sample_id as sample_i3_0_, file0_.size as size4_0_ from file file0_ where file0_.file_id in (3 , 5);
2
maxLen: 2
1111
222
222
222
Hibernate: select next_val as id_val from hibernate_sequence for update
2020-07-09 19:49:12.340  INFO 55352 --- [    Test worker] p6spy                                    : #1594291752340 | took 0ms | statement | connection 19| url jdbc:mysql://127.0.0.1:3306/test?serverTimezone=UTC
select next_val as id_val from hibernate_sequence for update
select next_val as id_val from hibernate_sequence for update;
Hibernate: update hibernate_sequence set next_val= ? where next_val=?
2020-07-09 19:49:12.341  INFO 55352 --- [    Test worker] p6spy                                    : #1594291752341 | took 0ms | statement | connection 19| url jdbc:mysql://127.0.0.1:3306/test?serverTimezone=UTC
update hibernate_sequence set next_val= ? where next_val=?
update hibernate_sequence set next_val= 8 where next_val=7;
2020-07-09 19:49:12.343  INFO 55352 --- [    Test worker] p6spy                                    : #1594291752343 | took 0ms | commit | connection 19| url jdbc:mysql://127.0.0.1:3306/test?serverTimezone=UTC

;
Hibernate: insert into job (finish_time, name, start_time, task_id, job_id) values (?, ?, ?, ?, ?)
2020-07-09 19:49:12.346  INFO 55352 --- [    Test worker] p6spy                                    : #1594291752346 | took 1ms | statement | connection 18| url jdbc:mysql://127.0.0.1:3306/test?serverTimezone=UTC
insert into job (finish_time, name, start_time, task_id, job_id) values (?, ?, ?, ?, ?)
insert into job (finish_time, name, start_time, task_id, job_id) values (NULL, 'GATK4 WES PIPELINE2020-07-09T19:49:12.067-1', NULL, 6, 7);
2020-07-09 19:49:12.348  INFO 55352 --- [    Test worker] p6spy                                    : #1594291752348 | took 1ms | commit | connection 18| url jdbc:mysql://127.0.0.1:3306/test?serverTimezone=UTC

;
3333
Hibernate: select next_val as id_val from hibernate_sequence for update
2020-07-09 19:49:12.357  INFO 55352 --- [    Test worker] p6spy                                    : #1594291752357 | took 0ms | statement | connection 21| url jdbc:mysql://127.0.0.1:3306/test?serverTimezone=UTC
select next_val as id_val from hibernate_sequence for update
select next_val as id_val from hibernate_sequence for update;
Hibernate: update hibernate_sequence set next_val= ? where next_val=?
2020-07-09 19:49:12.359  INFO 55352 --- [    Test worker] p6spy                                    : #1594291752359 | took 0ms | statement | connection 21| url jdbc:mysql://127.0.0.1:3306/test?serverTimezone=UTC
update hibernate_sequence set next_val= ? where next_val=?
update hibernate_sequence set next_val= 9 where next_val=8;
2020-07-09 19:49:12.361  INFO 55352 --- [    Test worker] p6spy                                    : #1594291752361 | took 1ms | commit | connection 21| url jdbc:mysql://127.0.0.1:3306/test?serverTimezone=UTC

;
Hibernate: insert into run (finish_time, job_id, start_time, status, step_id, run_id) values (?, ?, ?, ?, ?, ?)
2020-07-09 19:49:12.364  INFO 55352 --- [    Test worker] p6spy                                    : #1594291752364 | took 1ms | statement | connection 20| url jdbc:mysql://127.0.0.1:3306/test?serverTimezone=UTC
insert into run (finish_time, job_id, start_time, status, step_id, run_id) values (?, ?, ?, ?, ?, ?)
insert into run (finish_time, job_id, start_time, status, step_id, run_id) values (NULL, 7, NULL, 'Queued', 'untar_fasta', 8);
2020-07-09 19:49:12.367  INFO 55352 --- [    Test worker] p6spy                                    : #1594291752367 | took 1ms | commit | connection 20| url jdbc:mysql://127.0.0.1:3306/test?serverTimezone=UTC

;
3333
Hibernate: select next_val as id_val from hibernate_sequence for update
2020-07-09 19:49:12.371  INFO 55352 --- [    Test worker] p6spy                                    : #1594291752371 | took 0ms | statement | connection 23| url jdbc:mysql://127.0.0.1:3306/test?serverTimezone=UTC
select next_val as id_val from hibernate_sequence for update
select next_val as id_val from hibernate_sequence for update;
Hibernate: update hibernate_sequence set next_val= ? where next_val=?
2020-07-09 19:49:12.373  INFO 55352 --- [    Test worker] p6spy                                    : #1594291752373 | took 0ms | statement | connection 23| url jdbc:mysql://127.0.0.1:3306/test?serverTimezone=UTC
update hibernate_sequence set next_val= ? where next_val=?
update hibernate_sequence set next_val= 10 where next_val=9;
2020-07-09 19:49:12.375  INFO 55352 --- [    Test worker] p6spy                                    : #1594291752375 | took 1ms | commit | connection 23| url jdbc:mysql://127.0.0.1:3306/test?serverTimezone=UTC

;
Hibernate: insert into run (finish_time, job_id, start_time, status, step_id, run_id) values (?, ?, ?, ?, ?, ?)
2020-07-09 19:49:12.380  INFO 55352 --- [    Test worker] p6spy                                    : #1594291752380 | took 0ms | statement | connection 22| url jdbc:mysql://127.0.0.1:3306/test?serverTimezone=UTC
insert into run (finish_time, job_id, start_time, status, step_id, run_id) values (?, ?, ?, ?, ?, ?)
insert into run (finish_time, job_id, start_time, status, step_id, run_id) values (NULL, 7, NULL, 'Queued', 'bwa_mem_bundle_0_7_17', 9);
2020-07-09 19:49:12.381  INFO 55352 --- [    Test worker] p6spy                                    : #1594291752381 | took 0ms | commit | connection 22| url jdbc:mysql://127.0.0.1:3306/test?serverTimezone=UTC

;
4444
Hibernate: select next_val as id_val from hibernate_sequence for update
2020-07-09 19:49:12.387  INFO 55352 --- [    Test worker] p6spy                                    : #1594291752387 | took 0ms | statement | connection 25| url jdbc:mysql://127.0.0.1:3306/test?serverTimezone=UTC
select next_val as id_val from hibernate_sequence for update
select next_val as id_val from hibernate_sequence for update;
Hibernate: update hibernate_sequence set next_val= ? where next_val=?
2020-07-09 19:49:12.389  INFO 55352 --- [    Test worker] p6spy                                    : #1594291752389 | took 0ms | statement | connection 25| url jdbc:mysql://127.0.0.1:3306/test?serverTimezone=UTC
update hibernate_sequence set next_val= ? where next_val=?
update hibernate_sequence set next_val= 11 where next_val=10;
2020-07-09 19:49:12.391  INFO 55352 --- [    Test worker] p6spy                                    : #1594291752391 | took 1ms | commit | connection 25| url jdbc:mysql://127.0.0.1:3306/test?serverTimezone=UTC

;
Hibernate: insert into job_file (file_id, io_type, job_id, target_id, id) values (?, ?, ?, ?, ?)
2020-07-09 19:49:12.394  INFO 55352 --- [    Test worker] p6spy                                    : #1594291752394 | took 0ms | statement | connection 24| url jdbc:mysql://127.0.0.1:3306/test?serverTimezone=UTC
insert into job_file (file_id, io_type, job_id, target_id, id) values (?, ?, ?, ?, ?)
insert into job_file (file_id, io_type, job_id, target_id, id) values (3, 'input', 7, 'input_read_2', 10);
2020-07-09 19:49:12.398  INFO 55352 --- [    Test worker] p6spy                                    : #1594291752398 | took 2ms | commit | connection 24| url jdbc:mysql://127.0.0.1:3306/test?serverTimezone=UTC

;
Hibernate: select next_val as id_val from hibernate_sequence for update
2020-07-09 19:49:12.409  INFO 55352 --- [    Test worker] p6spy                                    : #1594291752409 | took 2ms | statement | connection 27| url jdbc:mysql://127.0.0.1:3306/test?serverTimezone=UTC
select next_val as id_val from hibernate_sequence for update
select next_val as id_val from hibernate_sequence for update;
Hibernate: update hibernate_sequence set next_val= ? where next_val=?
2020-07-09 19:49:12.412  INFO 55352 --- [    Test worker] p6spy                                    : #1594291752412 | took 0ms | statement | connection 27| url jdbc:mysql://127.0.0.1:3306/test?serverTimezone=UTC
update hibernate_sequence set next_val= ? where next_val=?
update hibernate_sequence set next_val= 12 where next_val=11;
2020-07-09 19:49:12.413  INFO 55352 --- [    Test worker] p6spy                                    : #1594291752413 | took 1ms | commit | connection 27| url jdbc:mysql://127.0.0.1:3306/test?serverTimezone=UTC

;
Hibernate: insert into job_env (env_key, env_val, job_id, id) values (?, ?, ?, ?)
2020-07-09 19:49:12.418  INFO 55352 --- [    Test worker] p6spy                                    : #1594291752418 | took 1ms | statement | connection 26| url jdbc:mysql://127.0.0.1:3306/test?serverTimezone=UTC
insert into job_env (env_key, env_val, job_id, id) values (?, ?, ?, ?)
insert into job_env (env_key, env_val, job_id, id) values ('input_read_2', 'TESTX_H7YRLADXX_S1_L001_R2_001.fastq.gz', 7, 11);
2020-07-09 19:49:12.423  INFO 55352 --- [    Test worker] p6spy                                    : #1594291752423 | took 2ms | commit | connection 26| url jdbc:mysql://127.0.0.1:3306/test?serverTimezone=UTC

;
4444
Hibernate: select next_val as id_val from hibernate_sequence for update
2020-07-09 19:49:12.428  INFO 55352 --- [    Test worker] p6spy                                    : #1594291752428 | took 0ms | statement | connection 29| url jdbc:mysql://127.0.0.1:3306/test?serverTimezone=UTC
select next_val as id_val from hibernate_sequence for update
select next_val as id_val from hibernate_sequence for update;
Hibernate: update hibernate_sequence set next_val= ? where next_val=?
2020-07-09 19:49:12.430  INFO 55352 --- [    Test worker] p6spy                                    : #1594291752430 | took 0ms | statement | connection 29| url jdbc:mysql://127.0.0.1:3306/test?serverTimezone=UTC
update hibernate_sequence set next_val= ? where next_val=?
update hibernate_sequence set next_val= 13 where next_val=12;
2020-07-09 19:49:12.432  INFO 55352 --- [    Test worker] p6spy                                    : #1594291752432 | took 1ms | commit | connection 29| url jdbc:mysql://127.0.0.1:3306/test?serverTimezone=UTC

;
Hibernate: insert into job_file (file_id, io_type, job_id, target_id, id) values (?, ?, ?, ?, ?)
2020-07-09 19:49:12.435  INFO 55352 --- [    Test worker] p6spy                                    : #1594291752435 | took 0ms | statement | connection 28| url jdbc:mysql://127.0.0.1:3306/test?serverTimezone=UTC
insert into job_file (file_id, io_type, job_id, target_id, id) values (?, ?, ?, ?, ?)
insert into job_file (file_id, io_type, job_id, target_id, id) values (2, 'input', 7, 'input_read_1', 12);
2020-07-09 19:49:12.438  INFO 55352 --- [    Test worker] p6spy                                    : #1594291752438 | took 1ms | commit | connection 28| url jdbc:mysql://127.0.0.1:3306/test?serverTimezone=UTC

;
Hibernate: select next_val as id_val from hibernate_sequence for update
2020-07-09 19:49:12.445  INFO 55352 --- [    Test worker] p6spy                                    : #1594291752444 | took 0ms | statement | connection 31| url jdbc:mysql://127.0.0.1:3306/test?serverTimezone=UTC
select next_val as id_val from hibernate_sequence for update
select next_val as id_val from hibernate_sequence for update;
Hibernate: update hibernate_sequence set next_val= ? where next_val=?
2020-07-09 19:49:12.446  INFO 55352 --- [    Test worker] p6spy                                    : #1594291752446 | took 0ms | statement | connection 31| url jdbc:mysql://127.0.0.1:3306/test?serverTimezone=UTC
update hibernate_sequence set next_val= ? where next_val=?
update hibernate_sequence set next_val= 14 where next_val=13;
2020-07-09 19:49:12.448  INFO 55352 --- [    Test worker] p6spy                                    : #1594291752448 | took 1ms | commit | connection 31| url jdbc:mysql://127.0.0.1:3306/test?serverTimezone=UTC

;
Hibernate: insert into job_env (env_key, env_val, job_id, id) values (?, ?, ?, ?)
2020-07-09 19:49:12.451  INFO 55352 --- [    Test worker] p6spy                                    : #1594291752451 | took 1ms | statement | connection 30| url jdbc:mysql://127.0.0.1:3306/test?serverTimezone=UTC
insert into job_env (env_key, env_val, job_id, id) values (?, ?, ?, ?)
insert into job_env (env_key, env_val, job_id, id) values ('input_read_1', 'TESTX_H7YRLADXX_S1_L001_R1_001.fastq.gz', 7, 13);
2020-07-09 19:49:12.453  INFO 55352 --- [    Test worker] p6spy                                    : #1594291752453 | took 0ms | commit | connection 30| url jdbc:mysql://127.0.0.1:3306/test?serverTimezone=UTC

;
4444
Hibernate: select next_val as id_val from hibernate_sequence for update
2020-07-09 19:49:12.457  INFO 55352 --- [    Test worker] p6spy                                    : #1594291752457 | took 1ms | statement | connection 33| url jdbc:mysql://127.0.0.1:3306/test?serverTimezone=UTC
select next_val as id_val from hibernate_sequence for update
select next_val as id_val from hibernate_sequence for update;
Hibernate: update hibernate_sequence set next_val= ? where next_val=?
2020-07-09 19:49:12.460  INFO 55352 --- [    Test worker] p6spy                                    : #1594291752460 | took 2ms | statement | connection 33| url jdbc:mysql://127.0.0.1:3306/test?serverTimezone=UTC
update hibernate_sequence set next_val= ? where next_val=?
update hibernate_sequence set next_val= 15 where next_val=14;
2020-07-09 19:49:12.463  INFO 55352 --- [    Test worker] p6spy                                    : #1594291752463 | took 1ms | commit | connection 33| url jdbc:mysql://127.0.0.1:3306/test?serverTimezone=UTC

;
Hibernate: insert into job_file (file_id, io_type, job_id, target_id, id) values (?, ?, ?, ?, ?)
2020-07-09 19:49:12.469  INFO 55352 --- [    Test worker] p6spy                                    : #1594291752469 | took 1ms | statement | connection 32| url jdbc:mysql://127.0.0.1:3306/test?serverTimezone=UTC
insert into job_file (file_id, io_type, job_id, target_id, id) values (?, ?, ?, ?, ?)
insert into job_file (file_id, io_type, job_id, target_id, id) values (1, 'input', 7, 'input_tar_with_reference', 14);
2020-07-09 19:49:12.471  INFO 55352 --- [    Test worker] p6spy                                    : #1594291752471 | took 0ms | commit | connection 32| url jdbc:mysql://127.0.0.1:3306/test?serverTimezone=UTC

;
Hibernate: select next_val as id_val from hibernate_sequence for update
2020-07-09 19:49:12.475  INFO 55352 --- [    Test worker] p6spy                                    : #1594291752475 | took 0ms | statement | connection 35| url jdbc:mysql://127.0.0.1:3306/test?serverTimezone=UTC
select next_val as id_val from hibernate_sequence for update
select next_val as id_val from hibernate_sequence for update;
Hibernate: update hibernate_sequence set next_val= ? where next_val=?
2020-07-09 19:49:12.476  INFO 55352 --- [    Test worker] p6spy                                    : #1594291752476 | took 0ms | statement | connection 35| url jdbc:mysql://127.0.0.1:3306/test?serverTimezone=UTC
update hibernate_sequence set next_val= ? where next_val=?
update hibernate_sequence set next_val= 16 where next_val=15;
2020-07-09 19:49:12.478  INFO 55352 --- [    Test worker] p6spy                                    : #1594291752478 | took 1ms | commit | connection 35| url jdbc:mysql://127.0.0.1:3306/test?serverTimezone=UTC

;
Hibernate: insert into job_env (env_key, env_val, job_id, id) values (?, ?, ?, ?)
2020-07-09 19:49:12.481  INFO 55352 --- [    Test worker] p6spy                                    : #1594291752481 | took 0ms | statement | connection 34| url jdbc:mysql://127.0.0.1:3306/test?serverTimezone=UTC
insert into job_env (env_key, env_val, job_id, id) values (?, ?, ?, ?)
insert into job_env (env_key, env_val, job_id, id) values ('input_tar_with_reference', 'hg38.fasta.tar', 7, 15);
2020-07-09 19:49:12.484  INFO 55352 --- [    Test worker] p6spy                                    : #1594291752484 | took 2ms | commit | connection 34| url jdbc:mysql://127.0.0.1:3306/test?serverTimezone=UTC

;
1111
222
222
222
Hibernate: select next_val as id_val from hibernate_sequence for update
2020-07-09 19:49:12.493  INFO 55352 --- [    Test worker] p6spy                                    : #1594291752493 | took 1ms | statement | connection 37| url jdbc:mysql://127.0.0.1:3306/test?serverTimezone=UTC
select next_val as id_val from hibernate_sequence for update
select next_val as id_val from hibernate_sequence for update;
Hibernate: update hibernate_sequence set next_val= ? where next_val=?
2020-07-09 19:49:12.496  INFO 55352 --- [    Test worker] p6spy                                    : #1594291752496 | took 0ms | statement | connection 37| url jdbc:mysql://127.0.0.1:3306/test?serverTimezone=UTC
update hibernate_sequence set next_val= ? where next_val=?
update hibernate_sequence set next_val= 17 where next_val=16;
2020-07-09 19:49:12.497  INFO 55352 --- [    Test worker] p6spy                                    : #1594291752497 | took 1ms | commit | connection 37| url jdbc:mysql://127.0.0.1:3306/test?serverTimezone=UTC

;
Hibernate: insert into job (finish_time, name, start_time, task_id, job_id) values (?, ?, ?, ?, ?)
2020-07-09 19:49:12.500  INFO 55352 --- [    Test worker] p6spy                                    : #1594291752500 | took 1ms | statement | connection 36| url jdbc:mysql://127.0.0.1:3306/test?serverTimezone=UTC
insert into job (finish_time, name, start_time, task_id, job_id) values (?, ?, ?, ?, ?)
insert into job (finish_time, name, start_time, task_id, job_id) values (NULL, 'GATK4 WES PIPELINE2020-07-09T19:49:12.067-2', NULL, 6, 16);
2020-07-09 19:49:12.502  INFO 55352 --- [    Test worker] p6spy                                    : #1594291752502 | took 1ms | commit | connection 36| url jdbc:mysql://127.0.0.1:3306/test?serverTimezone=UTC

;
3333
Hibernate: select next_val as id_val from hibernate_sequence for update
2020-07-09 19:49:12.508  INFO 55352 --- [    Test worker] p6spy                                    : #1594291752508 | took 1ms | statement | connection 39| url jdbc:mysql://127.0.0.1:3306/test?serverTimezone=UTC
select next_val as id_val from hibernate_sequence for update
select next_val as id_val from hibernate_sequence for update;
Hibernate: update hibernate_sequence set next_val= ? where next_val=?
2020-07-09 19:49:12.510  INFO 55352 --- [    Test worker] p6spy                                    : #1594291752510 | took 0ms | statement | connection 39| url jdbc:mysql://127.0.0.1:3306/test?serverTimezone=UTC
update hibernate_sequence set next_val= ? where next_val=?
update hibernate_sequence set next_val= 18 where next_val=17;
2020-07-09 19:49:12.511  INFO 55352 --- [    Test worker] p6spy                                    : #1594291752511 | took 0ms | commit | connection 39| url jdbc:mysql://127.0.0.1:3306/test?serverTimezone=UTC

;
Hibernate: insert into run (finish_time, job_id, start_time, status, step_id, run_id) values (?, ?, ?, ?, ?, ?)
2020-07-09 19:49:12.514  INFO 55352 --- [    Test worker] p6spy                                    : #1594291752514 | took 0ms | statement | connection 38| url jdbc:mysql://127.0.0.1:3306/test?serverTimezone=UTC
insert into run (finish_time, job_id, start_time, status, step_id, run_id) values (?, ?, ?, ?, ?, ?)
insert into run (finish_time, job_id, start_time, status, step_id, run_id) values (NULL, 16, NULL, 'Queued', 'untar_fasta', 17);
2020-07-09 19:49:12.515  INFO 55352 --- [    Test worker] p6spy                                    : #1594291752515 | took 1ms | commit | connection 38| url jdbc:mysql://127.0.0.1:3306/test?serverTimezone=UTC

;
3333
Hibernate: select next_val as id_val from hibernate_sequence for update
2020-07-09 19:49:12.519  INFO 55352 --- [    Test worker] p6spy                                    : #1594291752519 | took 0ms | statement | connection 41| url jdbc:mysql://127.0.0.1:3306/test?serverTimezone=UTC
select next_val as id_val from hibernate_sequence for update
select next_val as id_val from hibernate_sequence for update;
Hibernate: update hibernate_sequence set next_val= ? where next_val=?
2020-07-09 19:49:12.521  INFO 55352 --- [    Test worker] p6spy                                    : #1594291752521 | took 0ms | statement | connection 41| url jdbc:mysql://127.0.0.1:3306/test?serverTimezone=UTC
update hibernate_sequence set next_val= ? where next_val=?
update hibernate_sequence set next_val= 19 where next_val=18;
2020-07-09 19:49:12.522  INFO 55352 --- [    Test worker] p6spy                                    : #1594291752522 | took 1ms | commit | connection 41| url jdbc:mysql://127.0.0.1:3306/test?serverTimezone=UTC

;
Hibernate: insert into run (finish_time, job_id, start_time, status, step_id, run_id) values (?, ?, ?, ?, ?, ?)
2020-07-09 19:49:12.525  INFO 55352 --- [    Test worker] p6spy                                    : #1594291752525 | took 0ms | statement | connection 40| url jdbc:mysql://127.0.0.1:3306/test?serverTimezone=UTC
insert into run (finish_time, job_id, start_time, status, step_id, run_id) values (?, ?, ?, ?, ?, ?)
insert into run (finish_time, job_id, start_time, status, step_id, run_id) values (NULL, 16, NULL, 'Queued', 'bwa_mem_bundle_0_7_17', 18);
2020-07-09 19:49:12.526  INFO 55352 --- [    Test worker] p6spy                                    : #1594291752526 | took 1ms | commit | connection 40| url jdbc:mysql://127.0.0.1:3306/test?serverTimezone=UTC

;
4444
Hibernate: select next_val as id_val from hibernate_sequence for update
2020-07-09 19:49:12.529  INFO 55352 --- [    Test worker] p6spy                                    : #1594291752529 | took 0ms | statement | connection 43| url jdbc:mysql://127.0.0.1:3306/test?serverTimezone=UTC
select next_val as id_val from hibernate_sequence for update
select next_val as id_val from hibernate_sequence for update;
Hibernate: update hibernate_sequence set next_val= ? where next_val=?
2020-07-09 19:49:12.531  INFO 55352 --- [    Test worker] p6spy                                    : #1594291752531 | took 0ms | statement | connection 43| url jdbc:mysql://127.0.0.1:3306/test?serverTimezone=UTC
update hibernate_sequence set next_val= ? where next_val=?
update hibernate_sequence set next_val= 20 where next_val=19;
2020-07-09 19:49:12.532  INFO 55352 --- [    Test worker] p6spy                                    : #1594291752532 | took 1ms | commit | connection 43| url jdbc:mysql://127.0.0.1:3306/test?serverTimezone=UTC

;
Hibernate: insert into job_file (file_id, io_type, job_id, target_id, id) values (?, ?, ?, ?, ?)
2020-07-09 19:49:12.534  INFO 55352 --- [    Test worker] p6spy                                    : #1594291752534 | took 0ms | statement | connection 42| url jdbc:mysql://127.0.0.1:3306/test?serverTimezone=UTC
insert into job_file (file_id, io_type, job_id, target_id, id) values (?, ?, ?, ?, ?)
insert into job_file (file_id, io_type, job_id, target_id, id) values (5, 'input', 16, 'input_read_2', 19);
2020-07-09 19:49:12.536  INFO 55352 --- [    Test worker] p6spy                                    : #1594291752536 | took 0ms | commit | connection 42| url jdbc:mysql://127.0.0.1:3306/test?serverTimezone=UTC

;
Hibernate: select next_val as id_val from hibernate_sequence for update
2020-07-09 19:49:12.539  INFO 55352 --- [    Test worker] p6spy                                    : #1594291752539 | took 0ms | statement | connection 45| url jdbc:mysql://127.0.0.1:3306/test?serverTimezone=UTC
select next_val as id_val from hibernate_sequence for update
select next_val as id_val from hibernate_sequence for update;
Hibernate: update hibernate_sequence set next_val= ? where next_val=?
2020-07-09 19:49:12.540  INFO 55352 --- [    Test worker] p6spy                                    : #1594291752540 | took 0ms | statement | connection 45| url jdbc:mysql://127.0.0.1:3306/test?serverTimezone=UTC
update hibernate_sequence set next_val= ? where next_val=?
update hibernate_sequence set next_val= 21 where next_val=20;
2020-07-09 19:49:12.542  INFO 55352 --- [    Test worker] p6spy                                    : #1594291752542 | took 0ms | commit | connection 45| url jdbc:mysql://127.0.0.1:3306/test?serverTimezone=UTC

;
Hibernate: insert into job_env (env_key, env_val, job_id, id) values (?, ?, ?, ?)
2020-07-09 19:49:12.544  INFO 55352 --- [    Test worker] p6spy                                    : #1594291752544 | took 0ms | statement | connection 44| url jdbc:mysql://127.0.0.1:3306/test?serverTimezone=UTC
insert into job_env (env_key, env_val, job_id, id) values (?, ?, ?, ?)
insert into job_env (env_key, env_val, job_id, id) values ('input_read_2', 'TESTX_H7YRLADXX_S1_L002_R2_001.fastq.gz', 16, 20);
2020-07-09 19:49:12.545  INFO 55352 --- [    Test worker] p6spy                                    : #1594291752545 | took 0ms | commit | connection 44| url jdbc:mysql://127.0.0.1:3306/test?serverTimezone=UTC

;
4444
Hibernate: select next_val as id_val from hibernate_sequence for update
2020-07-09 19:49:12.548  INFO 55352 --- [    Test worker] p6spy                                    : #1594291752548 | took 0ms | statement | connection 47| url jdbc:mysql://127.0.0.1:3306/test?serverTimezone=UTC
select next_val as id_val from hibernate_sequence for update
select next_val as id_val from hibernate_sequence for update;
Hibernate: update hibernate_sequence set next_val= ? where next_val=?
2020-07-09 19:49:12.549  INFO 55352 --- [    Test worker] p6spy                                    : #1594291752549 | took 0ms | statement | connection 47| url jdbc:mysql://127.0.0.1:3306/test?serverTimezone=UTC
update hibernate_sequence set next_val= ? where next_val=?
update hibernate_sequence set next_val= 22 where next_val=21;
2020-07-09 19:49:12.551  INFO 55352 --- [    Test worker] p6spy                                    : #1594291752551 | took 1ms | commit | connection 47| url jdbc:mysql://127.0.0.1:3306/test?serverTimezone=UTC

;
Hibernate: insert into job_file (file_id, io_type, job_id, target_id, id) values (?, ?, ?, ?, ?)
2020-07-09 19:49:12.557  INFO 55352 --- [    Test worker] p6spy                                    : #1594291752557 | took 0ms | statement | connection 46| url jdbc:mysql://127.0.0.1:3306/test?serverTimezone=UTC
insert into job_file (file_id, io_type, job_id, target_id, id) values (?, ?, ?, ?, ?)
insert into job_file (file_id, io_type, job_id, target_id, id) values (4, 'input', 16, 'input_read_1', 21);
2020-07-09 19:49:12.558  INFO 55352 --- [    Test worker] p6spy                                    : #1594291752558 | took 1ms | commit | connection 46| url jdbc:mysql://127.0.0.1:3306/test?serverTimezone=UTC

;
Hibernate: select next_val as id_val from hibernate_sequence for update
2020-07-09 19:49:12.564  INFO 55352 --- [    Test worker] p6spy                                    : #1594291752564 | took 0ms | statement | connection 49| url jdbc:mysql://127.0.0.1:3306/test?serverTimezone=UTC
select next_val as id_val from hibernate_sequence for update
select next_val as id_val from hibernate_sequence for update;
Hibernate: update hibernate_sequence set next_val= ? where next_val=?
2020-07-09 19:49:12.565  INFO 55352 --- [    Test worker] p6spy                                    : #1594291752565 | took 0ms | statement | connection 49| url jdbc:mysql://127.0.0.1:3306/test?serverTimezone=UTC
update hibernate_sequence set next_val= ? where next_val=?
update hibernate_sequence set next_val= 23 where next_val=22;
2020-07-09 19:49:12.567  INFO 55352 --- [    Test worker] p6spy                                    : #1594291752567 | took 1ms | commit | connection 49| url jdbc:mysql://127.0.0.1:3306/test?serverTimezone=UTC

;
Hibernate: insert into job_env (env_key, env_val, job_id, id) values (?, ?, ?, ?)
2020-07-09 19:49:12.569  INFO 55352 --- [    Test worker] p6spy                                    : #1594291752569 | took 0ms | statement | connection 48| url jdbc:mysql://127.0.0.1:3306/test?serverTimezone=UTC
insert into job_env (env_key, env_val, job_id, id) values (?, ?, ?, ?)
insert into job_env (env_key, env_val, job_id, id) values ('input_read_1', 'TESTX_H7YRLADXX_S1_L002_R1_001.fastq.gz', 16, 22);
2020-07-09 19:49:12.572  INFO 55352 --- [    Test worker] p6spy                                    : #1594291752572 | took 1ms | commit | connection 48| url jdbc:mysql://127.0.0.1:3306/test?serverTimezone=UTC

;
4444
Hibernate: select next_val as id_val from hibernate_sequence for update
2020-07-09 19:49:12.575  INFO 55352 --- [    Test worker] p6spy                                    : #1594291752575 | took 0ms | statement | connection 51| url jdbc:mysql://127.0.0.1:3306/test?serverTimezone=UTC
select next_val as id_val from hibernate_sequence for update
select next_val as id_val from hibernate_sequence for update;
Hibernate: update hibernate_sequence set next_val= ? where next_val=?
2020-07-09 19:49:12.576  INFO 55352 --- [    Test worker] p6spy                                    : #1594291752576 | took 0ms | statement | connection 51| url jdbc:mysql://127.0.0.1:3306/test?serverTimezone=UTC
update hibernate_sequence set next_val= ? where next_val=?
update hibernate_sequence set next_val= 24 where next_val=23;
2020-07-09 19:49:12.578  INFO 55352 --- [    Test worker] p6spy                                    : #1594291752578 | took 1ms | commit | connection 51| url jdbc:mysql://127.0.0.1:3306/test?serverTimezone=UTC

;
Hibernate: insert into job_file (file_id, io_type, job_id, target_id, id) values (?, ?, ?, ?, ?)
2020-07-09 19:49:12.584  INFO 55352 --- [    Test worker] p6spy                                    : #1594291752584 | took 2ms | statement | connection 50| url jdbc:mysql://127.0.0.1:3306/test?serverTimezone=UTC
insert into job_file (file_id, io_type, job_id, target_id, id) values (?, ?, ?, ?, ?)
insert into job_file (file_id, io_type, job_id, target_id, id) values (1, 'input', 16, 'input_tar_with_reference', 23);
2020-07-09 19:49:12.586  INFO 55352 --- [    Test worker] p6spy                                    : #1594291752586 | took 1ms | commit | connection 50| url jdbc:mysql://127.0.0.1:3306/test?serverTimezone=UTC

;
Hibernate: select next_val as id_val from hibernate_sequence for update
2020-07-09 19:49:12.589  INFO 55352 --- [    Test worker] p6spy                                    : #1594291752589 | took 0ms | statement | connection 53| url jdbc:mysql://127.0.0.1:3306/test?serverTimezone=UTC
select next_val as id_val from hibernate_sequence for update
select next_val as id_val from hibernate_sequence for update;
Hibernate: update hibernate_sequence set next_val= ? where next_val=?
2020-07-09 19:49:12.591  INFO 55352 --- [    Test worker] p6spy                                    : #1594291752591 | took 0ms | statement | connection 53| url jdbc:mysql://127.0.0.1:3306/test?serverTimezone=UTC
update hibernate_sequence set next_val= ? where next_val=?
update hibernate_sequence set next_val= 25 where next_val=24;
2020-07-09 19:49:12.592  INFO 55352 --- [    Test worker] p6spy                                    : #1594291752592 | took 1ms | commit | connection 53| url jdbc:mysql://127.0.0.1:3306/test?serverTimezone=UTC

;
Hibernate: insert into job_env (env_key, env_val, job_id, id) values (?, ?, ?, ?)
2020-07-09 19:49:12.594  INFO 55352 --- [    Test worker] p6spy                                    : #1594291752594 | took 0ms | statement | connection 52| url jdbc:mysql://127.0.0.1:3306/test?serverTimezone=UTC
insert into job_env (env_key, env_val, job_id, id) values (?, ?, ?, ?)
insert into job_env (env_key, env_val, job_id, id) values ('input_tar_with_reference', 'hg38.fasta.tar', 16, 24);
2020-07-09 19:49:12.596  INFO 55352 --- [    Test worker] p6spy                                    : #1594291752596 | took 1ms | commit | connection 52| url jdbc:mysql://127.0.0.1:3306/test?serverTimezone=UTC

;
apiVersion: batch/v1
kind: Job
metadata:
  name: initializer-5123
spec:
  template:
    spec:
      containers:
      - command:
        - perl
        - -Mbignum=bpi
        - -wle
        - print bpi(2000)
        image: perl
        name: pi
      restartPolicy: Never

run!!!!!
]]></system-out>
  <system-err><![CDATA[]]></system-err>
</testsuite>
